d:\dev\code\3elements\threeelements\three elements\x64\debug\vc143.pdb
d:\dev\code\3elements\threeelements\three elements\x64\debug\vc143.idb
d:\dev\code\3elements\threeelements\three elements\x64\debug\threatobject.obj
d:\dev\code\3elements\threeelements\three elements\x64\debug\skill.obj
d:\dev\code\3elements\threeelements\three elements\x64\debug\mainobject.obj
d:\dev\code\3elements\threeelements\three elements\x64\debug\main.obj
d:\dev\code\3elements\threeelements\three elements\x64\debug\keyboard.obj
d:\dev\code\3elements\threeelements\three elements\x64\debug\imptimer.obj
d:\dev\code\3elements\threeelements\three elements\x64\debug\gamemanager.obj
d:\dev\code\3elements\threeelements\three elements\x64\debug\enemy.obj
d:\dev\code\3elements\threeelements\three elements\x64\debug\baseobject.obj
d:\dev\code\3elements\threeelements\x64\debug\three elements.exe
d:\dev\code\3elements\threeelements\x64\debug\three elements.pdb
d:\dev\code\3elements\threeelements\three elements\x64\debug\three elements.ilk
d:\dev\code\3elements\threeelements\three elements\x64\debug\gameobject.obj
d:\dev\code\3elements\threeelements\three elements\x64\debug\gamemanager.obj.enc
d:\dev\code\3elements\threeelements\three elements\x64\debug\gameobject.obj.enc
d:\dev\code\3elements\threeelements\three elements\x64\debug\vc142.idb
d:\dev\code\3elements\threeelements\three elements\x64\debug\vc142.pdb
d:\dev\code\3elements\threeelements\three elements\x64\debug\three elements.tlog\cl.command.1.tlog
d:\dev\code\3elements\threeelements\three elements\x64\debug\three elements.tlog\cl.items.tlog
d:\dev\code\3elements\threeelements\three elements\x64\debug\three elements.tlog\cl.read.1.tlog
d:\dev\code\3elements\threeelements\three elements\x64\debug\three elements.tlog\cl.write.1.tlog
d:\dev\code\3elements\threeelements\three elements\x64\debug\three elements.tlog\link.command.1.tlog
d:\dev\code\3elements\threeelements\three elements\x64\debug\three elements.tlog\link.read.1.tlog
d:\dev\code\3elements\threeelements\three elements\x64\debug\three elements.tlog\link.secondary.1.tlog
d:\dev\code\3elements\threeelements\three elements\x64\debug\three elements.tlog\link.write.1.tlog
