  BaseObject.cpp
  Enemy.cpp
D:\Dev\Code\3Elements\ThreeElements\Three Elements\Enemy.h(8,9): warning C4005: 'FRAME_NUM': macro redefinition
  (compiling source file 'Enemy.cpp')
      D:\Dev\Code\3Elements\ThreeElements\Three Elements\BaseObject.h(6,9):
      see previous definition of 'FRAME_NUM'
  
  GameManager.cpp
D:\Dev\Code\3Elements\ThreeElements\Three Elements\Skill.h(8,9): warning C4005: 'FRAME_NUM': macro redefinition
  (compiling source file 'GameManager.cpp')
      D:\Dev\Code\3Elements\ThreeElements\Three Elements\BaseObject.h(6,9):
      see previous definition of 'FRAME_NUM'
  
D:\Dev\Code\3Elements\ThreeElements\Three Elements\MainObject.h(7,9): warning C4005: 'FRAME_NUM': macro redefinition
  (compiling source file 'GameManager.cpp')
      D:\Dev\Code\3Elements\ThreeElements\Three Elements\Skill.h(8,9):
      see previous definition of 'FRAME_NUM'
  
D:\Dev\Code\3Elements\ThreeElements\Three Elements\Keyboard.h(9,9): warning C4005: 'FRAME_NUM': macro redefinition
  (compiling source file 'GameManager.cpp')
      D:\Dev\Code\3Elements\ThreeElements\Three Elements\MainObject.h(7,9):
      see previous definition of 'FRAME_NUM'
  
D:\Dev\Code\3Elements\ThreeElements\Three Elements\GameManager.cpp(300,46): warning C4805: '==': unsafe mix of type 'int' and type 'bool' in operation
  Keyboard.cpp
  main.cpp
D:\Dev\Code\3Elements\ThreeElements\Three Elements\Skill.h(8,9): warning C4005: 'FRAME_NUM': macro redefinition
  (compiling source file 'main.cpp')
      D:\Dev\Code\3Elements\ThreeElements\Three Elements\BaseObject.h(6,9):
      see previous definition of 'FRAME_NUM'
  
D:\Dev\Code\3Elements\ThreeElements\Three Elements\MainObject.h(7,9): warning C4005: 'FRAME_NUM': macro redefinition
  (compiling source file 'main.cpp')
      D:\Dev\Code\3Elements\ThreeElements\Three Elements\Skill.h(8,9):
      see previous definition of 'FRAME_NUM'
  
D:\Dev\Code\3Elements\ThreeElements\Three Elements\Keyboard.h(9,9): warning C4005: 'FRAME_NUM': macro redefinition
  (compiling source file 'main.cpp')
      D:\Dev\Code\3Elements\ThreeElements\Three Elements\MainObject.h(7,9):
      see previous definition of 'FRAME_NUM'
  
  MainObject.cpp
D:\Dev\Code\3Elements\ThreeElements\Three Elements\Skill.h(8,9): warning C4005: 'FRAME_NUM': macro redefinition
  (compiling source file 'MainObject.cpp')
      D:\Dev\Code\3Elements\ThreeElements\Three Elements\BaseObject.h(6,9):
      see previous definition of 'FRAME_NUM'
  
D:\Dev\Code\3Elements\ThreeElements\Three Elements\MainObject.h(7,9): warning C4005: 'FRAME_NUM': macro redefinition
  (compiling source file 'MainObject.cpp')
      D:\Dev\Code\3Elements\ThreeElements\Three Elements\Skill.h(8,9):
      see previous definition of 'FRAME_NUM'
  
  Skill.cpp
D:\Dev\Code\3Elements\ThreeElements\Three Elements\Skill.h(8,9): warning C4005: 'FRAME_NUM': macro redefinition
  (compiling source file 'Skill.cpp')
      D:\Dev\Code\3Elements\ThreeElements\Three Elements\BaseObject.h(6,9):
      see previous definition of 'FRAME_NUM'
  
  ThreatObject.cpp
D:\Dev\Code\3Elements\ThreeElements\Three Elements\Skill.h(8,9): warning C4005: 'FRAME_NUM': macro redefinition
  (compiling source file 'ThreatObject.cpp')
      D:\Dev\Code\3Elements\ThreeElements\Three Elements\BaseObject.h(6,9):
      see previous definition of 'FRAME_NUM'
  
D:\Dev\Code\3Elements\ThreeElements\Three Elements\MainObject.h(7,9): warning C4005: 'FRAME_NUM': macro redefinition
  (compiling source file 'ThreatObject.cpp')
      D:\Dev\Code\3Elements\ThreeElements\Three Elements\Skill.h(8,9):
      see previous definition of 'FRAME_NUM'
  
D:\Dev\Code\3Elements\ThreeElements\Three Elements\Keyboard.h(9,9): warning C4005: 'FRAME_NUM': macro redefinition
  (compiling source file 'ThreatObject.cpp')
      D:\Dev\Code\3Elements\ThreeElements\Three Elements\MainObject.h(7,9):
      see previous definition of 'FRAME_NUM'
  
  Generating Code...
  Three Elements.vcxproj -> D:\Dev\Code\3Elements\ThreeElements\x64\Debug\Three Elements.exe
